# JRE version: Java(TM) SE Runtime Environment (17.0.4+11) (build 17.0.4+11-LTS-179)
# Java VM: Java HotSpot(TM) 64-Bit Server VM (17.0.4+11-LTS-179, mixed mode, sharing, tiered, compressed oops, compressed class ptrs, g1 gc, windows-amd64)
GC Precious Log:
 CPUs: 4 total, 4 available
 Memory: 8035M
 Large Page Support: Disabled
 NUMA Support: Disabled
 Compressed Oops: Enabled (32-bit)
 Heap Region Size: 1M
 Heap Min Capacity: 8M
 Heap Initial Capacity: 126M
 Heap Max Capacity: 2010M
 Pre-touch: Disabled
 Parallel Workers: 4
 Concurrent Workers: 1
 Concurrent Refinement Workers: 4
 Periodic GC: Disabled
Heap:
 garbage-first heap   total 129024K, used 19843K [0x0000000082600000, 0x0000000100000000)
  region size 1024K, 12 young (12288K), 3 survivors (3072K)
 Metaspace       used 20405K, committed 20672K, reserved 1073152K
  class space    used 2204K, committed 2304K, reserved 1048576K
GC Heap History (6 events):
Event: 6.676 GC heap before
{Heap before GC invocations=0 (full 0):
 garbage-first heap   total 129024K, used 13312K [0x0000000082600000, 0x0000000100000000)
  region size 1024K, 13 young (13312K), 0 survivors (0K)
 Metaspace       used 8237K, committed 8384K, reserved 1056768K
  class space    used 970K, committed 1024K, reserved 1048576K
}
Event: 6.685 GC heap after
{Heap after GC invocations=1 (full 0):
 garbage-first heap   total 129024K, used 3120K [0x0000000082600000, 0x0000000100000000)
  region size 1024K, 2 young (2048K), 2 survivors (2048K)
 Metaspace       used 8237K, committed 8384K, reserved 1056768K
  class space    used 970K, committed 1024K, reserved 1048576K
}
Event: 96.581 GC heap before
{Heap before GC invocations=1 (full 0):
 garbage-first heap   total 129024K, used 17456K [0x0000000082600000, 0x0000000100000000)
  region size 1024K, 14 young (14336K), 2 survivors (2048K)
 Metaspace       used 14444K, committed 14656K, reserved 1064960K
  class space    used 1623K, committed 1728K, reserved 1048576K
}
Event: 96.611 GC heap after
{Heap after GC invocations=2 (full 0):
 garbage-first heap   total 129024K, used 7900K [0x0000000082600000, 0x0000000100000000)
  region size 1024K, 2 young (2048K), 2 survivors (2048K)
 Metaspace       used 14444K, committed 14656K, reserved 1064960K
  class space    used 1623K, committed 1728K, reserved 1048576K
}
Event: 127.000 GC heap before
{Heap before GC invocations=2 (full 0):
 garbage-first heap   total 129024K, used 27356K [0x0000000082600000, 0x0000000100000000)
  region size 1024K, 22 young (22528K), 2 survivors (2048K)
 Metaspace       used 20203K, committed 20416K, reserved 1073152K
  class space    used 2191K, committed 2304K, reserved 1048576K
}
Event: 127.007 GC heap after
{Heap after GC invocations=3 (full 0):
 garbage-first heap   total 129024K, used 11651K [0x0000000082600000, 0x0000000100000000)
  region size 1024K, 3 young (3072K), 3 survivors (3072K)
 Metaspace       used 20203K, committed 20416K, reserved 1073152K
  class space    used 2191K, committed 2304K, reserved 1048576K
}

